18:38:37.710 [Daemon worker Thread 6] INFO  o.a.AndroidAnnotationProcessor:84 - Initialize AndroidAnnotations 3.2 with options {androidManifestFile=C:\Users\YuChen\Dropbox\Projects\Android\CrashRun\app\build\intermediates\manifests\full\debug\AndroidManifest.xml, resourcePackageName=com.gamejam.crashrun}
18:38:37.785 [Daemon worker Thread 6] INFO  o.a.AndroidAnnotationProcessor:108 - Start processing for 4 annotations on 22 elements
18:38:37.792 [Daemon worker Thread 6] DEBUG o.a.h.AndroidManifestFinder:98 - AndroidManifest.xml file found with specified path: C:\Users\YuChen\Dropbox\Projects\Android\CrashRun\app\build\intermediates\manifests\full\debug\AndroidManifest.xml
18:38:37.798 [Daemon worker Thread 6] INFO  o.a.AndroidAnnotationProcessor:171 - AndroidManifest.xml found: AndroidManifest [applicationPackage=com.gamejam.crashrun, componentQualifiedNames=[com.gamejam.crashrun.MainActivity_, com.gamejam.crashrun.LegalNoticesActivity], permissionQualifiedNames=[android.permission.INTERNET, android.permission.VIBRATE, com.gamejam.crashrun.permission.MAPS_RECEIVE, android.permission.WRITE_EXTERNAL_STORAGE, com.google.android.providers.gsf.permission.READ_GSERVICES, android.permission.ACCESS_COARSE_LOCATION, android.permission.ACCESS_FINE_LOCATION], applicationClassName=null, libraryProject=false, debugabble=false, minSdkVersion=9, maxSdkVersion=-1, targetSdkVersion=16]
18:38:37.799 [Daemon worker Thread 6] INFO  o.a.r.ProjectRClassFinder:50 - Found project R class: com.gamejam.crashrun.R
18:38:37.809 [Daemon worker Thread 6] INFO  o.a.r.AndroidRClassFinder:44 - Found Android class: android.R
18:38:37.831 [Daemon worker Thread 6] INFO  o.a.p.ModelValidator:42 - Validating elements
18:38:37.832 [Daemon worker Thread 6] DEBUG o.a.p.ModelValidator:62 - Validating with EActivityHandler: [com.gamejam.crashrun.MainActivity]
18:38:37.839 [Daemon worker Thread 6] DEBUG o.a.p.ModelValidator:62 - Validating with EFragmentHandler: [com.gamejam.crashrun.ViewMapFragment]
18:38:37.856 [Daemon worker Thread 6] DEBUG o.a.p.ModelValidator:62 - Validating with UiThreadHandler: [stopProgressbar(), Countdown(), addPoly(com.gamejam.crashrun.game.RandomPointProvider), UiAddMarker(com.google.android.gms.maps.model.MarkerOptions), UiAddOverlay(com.google.android.gms.maps.model.GroundOverlayOptions)]
18:38:37.858 [Daemon worker Thread 6] DEBUG o.a.p.ModelValidator:62 - Validating with BackgroundHandler: [generatePoint(com.google.android.gms.maps.model.LatLng), addMarker(com.google.android.gms.maps.model.LatLng,int), updateLocation(com.google.android.gms.maps.model.LatLng)]
18:38:37.871 [Daemon worker Thread 6] INFO  o.a.p.ModelProcessor:69 - Processing root elements
18:38:37.871 [Daemon worker Thread 6] DEBUG o.a.p.ModelProcessor:160 - Processing root elements EActivityHandler: [com.gamejam.crashrun.MainActivity]
18:38:37.898 [Daemon worker Thread 6] DEBUG o.a.p.ModelProcessor:160 - Processing root elements EFragmentHandler: [com.gamejam.crashrun.ViewMapFragment]
18:38:37.901 [Daemon worker Thread 6] INFO  o.a.p.ModelProcessor:77 - Processing enclosed elements
18:38:37.912 [Daemon worker Thread 6] INFO  o.a.AndroidAnnotationProcessor:250 - Number of files generated by AndroidAnnotations: 2
18:38:37.915 [Daemon worker Thread 6] INFO  o.a.g.ApiCodeGenerator:52 - Writting following API classes in project: []
18:38:37.917 [Daemon worker Thread 6] DEBUG o.a.g.SourceCodewriter:55 - Generating class: com.gamejam.crashrun.MainActivity_
18:38:37.967 [Daemon worker Thread 6] DEBUG o.a.g.SourceCodewriter:55 - Generating class: com.gamejam.crashrun.ViewMapFragment_
18:38:37.991 [Daemon worker Thread 6] INFO  o.a.p.TimeStats:81 - Time measurements: [Whole Processing = 206 ms], [Generate Sources = 79 ms], [Process Annotations = 52 ms], [Validate Annotations = 31 ms], [Find R Classes = 20 ms], [Extract Manifest = 7 ms], [Extract Annotations = 5 ms], 
18:38:37.991 [Daemon worker Thread 6] INFO  o.a.AndroidAnnotationProcessor:122 - Finish processing
